<?xml version="1.0" encoding="UTF-8"?>
<!-- Generated by org.testng.reporters.JUnitXMLReporter -->
<testsuite ignored="0" hostname="SarthakDell" failures="0" tests="3" name="Test" time="0.011" errors="0" timestamp="29 Aug 2024 01:48:08 GMT">
  <testcase classname="com.learning_Automation_Day17_28th_Aug_TestNG_SuiteB.Register2Test" name="part2" time="0.003"/>
  <testcase classname="com.learning_Automation_Day17_28th_Aug_TestNG_SuiteB.Register3Test" name="part3" time="0.003"/>
  <testcase classname="com.learning_Automation_Day17_28th_Aug_TestNG_SuiteB.Register1Test" name="part1" time="0.002"/>
</testsuite> <!-- Test -->
