<?xml version="1.0" encoding="UTF-8"?>
<!-- Generated by org.testng.reporters.JUnitXMLReporter -->
<testsuite ignored="1" hostname="SarthakDell" failures="0" tests="1" name="Default test" time="3.214" errors="0" timestamp="11 Sep 2024 01:13:47 GMT">
  <testcase classname="com.learning_Automation_Day20_10th_Sep_MouseActions.Mouse" name="dragAndDropOperation" time="3.195"/>
  <testcase classname="com.learning_Automation_Day20_10th_Sep_MouseActions.Mouse" name="mouseOperations" time="0.0">
    <ignored/>
  </testcase> <!-- mouseOperations -->
</testsuite> <!-- Default test -->
