<?xml version="1.0" encoding="UTF-8"?>
<!-- Generated by org.testng.reporters.JUnitXMLReporter -->
<testsuite ignored="1" hostname="SarthakDell" failures="0" tests="1" name="Default test" time="0.091" errors="0" timestamp="2024-08-07T20:58:57 EDT">
  <testcase classname="com.learning_Automation_Day11_7th_Aug_TestNG.Topic4_SoftAssert_vs_HardAssert" name="softAssertWay" time="0.023"/>
  <testcase classname="com.learning_Automation_Day11_7th_Aug_TestNG.Topic4_SoftAssert_vs_HardAssert" name="AssertWay" time="0.0">
    <ignored/>
  </testcase> <!-- AssertWay -->
</testsuite> <!-- Default test -->
