<?xml version="1.0" encoding="UTF-8"?>
<!-- Generated by org.testng.reporters.JUnitXMLReporter -->
<testsuite ignored="0" hostname="SarthakDell" failures="3" tests="12" name="Test" time="76.199" errors="0" timestamp="29 Aug 2024 02:03:14 GMT">
  <testcase classname="com.learning_Automation_Day11_7th_Aug_TestNG_BatchRunning.SearchProductTest" name="verifySearchWithInvalidProduct" time="0.765"/>
  <testcase classname="com.learning_Automation_Day11_7th_Aug_TestNG_BatchRunning.SearchProductTest" name="verifySearchWithNoProduct" time="0.667"/>
  <testcase classname="com.learning_Automation_Day11_7th_Aug_TestNG_BatchRunning.SearchProductTest" name="verifySearchWithValidProduct" time="0.952"/>
  <testcase classname="com.learning_Automation_Day11_7th_Aug_TestNG_BatchRunning.LoginTest" name="loginWithValidCredentials" time="1.627"/>
  <testcase classname="com.learning_Automation_Day11_7th_Aug_TestNG_BatchRunning.RegisterTest" name="verifyRegisterWithMandatoryDetails" time="1.676"/>
  <testcase classname="com.learning_Automation_Day11_7th_Aug_TestNG_BatchRunning.LoginTest" name="loginWithNoCredentials" time="0.905"/>
  <testcase classname="com.learning_Automation_Day11_7th_Aug_TestNG_BatchRunning.RegisterTest" name="verifyRegisterWithAllDetails" time="1.863"/>
  <testcase classname="com.learning_Automation_Day11_7th_Aug_TestNG_BatchRunning.LoginTest" name="loginWithInvalidCredentials" time="1.048">
    <failure type="java.lang.AssertionError" message="The following asserts failed:
	expected [Warning: No match for E-Mail Address and/or Password.] but found [Warning: Your account has exceeded allowed number of login attempts. Please try again in 1 hour.]">
      <![CDATA[java.lang.AssertionError: The following asserts failed:
	expected [Warning: No match for E-Mail Address and/or Password.] but found [Warning: Your account has exceeded allowed number of login attempts. Please try again in 1 hour.]
	at com.learning_Automation_Day11_7th_Aug_TestNG_BatchRunning.LoginTest.loginWithInvalidCredentials(LoginTest.java:56)
... Removed 26 stack frames]]>
    </failure>
  </testcase> <!-- loginWithInvalidCredentials -->
  <testcase classname="com.learning_Automation_Day11_7th_Aug_TestNG_BatchRunning.RegisterTest" name="verifyRegisterWithIncorrectConfirmPassword" time="2.0"/>
  <testcase classname="com.learning_Automation_Day11_7th_Aug_TestNG_BatchRunning.LoginTest" name="oginWithValidEmailInvalidPassword" time="1.089">
    <failure type="java.lang.AssertionError" message="The following asserts failed:
	expected [Warning: No match for E-Mail Address and/or Password.] but found [Warning: Your account has exceeded allowed number of login attempts. Please try again in 1 hour.]">
      <![CDATA[java.lang.AssertionError: The following asserts failed:
	expected [Warning: No match for E-Mail Address and/or Password.] but found [Warning: Your account has exceeded allowed number of login attempts. Please try again in 1 hour.]
	at com.learning_Automation_Day11_7th_Aug_TestNG_BatchRunning.LoginTest.oginWithValidEmailInvalidPassword(LoginTest.java:67)
... Removed 26 stack frames]]>
    </failure>
  </testcase> <!-- oginWithValidEmailInvalidPassword -->
  <testcase classname="com.learning_Automation_Day11_7th_Aug_TestNG_BatchRunning.RegisterTest" name="verifyRegisterWithNoDetails" time="0.841"/>
  <testcase classname="com.learning_Automation_Day11_7th_Aug_TestNG_BatchRunning.LoginTest" name="oginWithInvalidEmailValidPassword" time="1.032">
    <failure type="java.lang.AssertionError" message="The following asserts failed:
	expected [Warning: No match for E-Mail Address and/or Password.] but found [Warning: Your account has exceeded allowed number of login attempts. Please try again in 1 hour.],
	expected [Warning: No match for E-Mail Address and/or Password.] but found [Warning: Your account has exceeded allowed number of login attempts. Please try again in 1 hour.]">
      <![CDATA[java.lang.AssertionError: The following asserts failed:
	expected [Warning: No match for E-Mail Address and/or Password.] but found [Warning: Your account has exceeded allowed number of login attempts. Please try again in 1 hour.],
	expected [Warning: No match for E-Mail Address and/or Password.] but found [Warning: Your account has exceeded allowed number of login attempts. Please try again in 1 hour.]
	at com.learning_Automation_Day11_7th_Aug_TestNG_BatchRunning.LoginTest.oginWithInvalidEmailValidPassword(LoginTest.java:79)
... Removed 26 stack frames]]>
    </failure>
  </testcase> <!-- oginWithInvalidEmailValidPassword -->
</testsuite> <!-- Test -->
