<?xml version="1.0" encoding="UTF-8"?>
<testng-results ignored="0" total="1" passed="1" failed="0" skipped="0">
  <reporter-output>
  </reporter-output>
  <suite started-at="2024-08-21T00:03:38Z" name="Default suite" finished-at="2024-08-21T00:03:46Z" duration-ms="8903">
    <groups>
    </groups>
    <test started-at="2024-08-21T00:03:38Z" name="Default test" finished-at="2024-08-21T00:03:46Z" duration-ms="8903">
      <class name="com.learning_Automation_Day14_21st_Aug_FileHandling.Topic4_RegisterTest">
        <test-method signature="registerAccountWithAllDetails()[pri:0, instance:com.learning_Automation_Day14_21st_Aug_FileHandling.Topic4_RegisterTest@19932c16]" started-at="2024-08-20T20:03:38Z" name="registerAccountWithAllDetails" finished-at="2024-08-20T20:03:46Z" duration-ms="8589" status="PASS">
          <reporter-output>
          </reporter-output>
        </test-method> <!-- registerAccountWithAllDetails -->
        <test-method is-config="true" signature="tearDown()[pri:0, instance:com.learning_Automation_Day14_21st_Aug_FileHandling.Topic4_RegisterTest@19932c16]" started-at="2024-08-20T20:03:46Z" name="tearDown" finished-at="2024-08-20T20:03:46Z" duration-ms="292" status="PASS">
          <reporter-output>
          </reporter-output>
        </test-method> <!-- tearDown -->
      </class> <!-- com.learning_Automation_Day14_21st_Aug_FileHandling.Topic4_RegisterTest -->
    </test> <!-- Default test -->
  </suite> <!-- Default suite -->
</testng-results>
